<project name="bh" default="test-insert10k-2">
  <target name="test-insert10k-2">
    <test-suite name="test-insert10k-2">

      <init-hook>
        <test-suite name="init">
          <test-suite-call testfile="${open.dir}/luciddb/test/sql/tinit.xml">
            <test-suite-modifier value="test-insert10k-2"/>
          </test-suite-call>
        </test-suite>
      </init-hook>

      <test name="rangekseqins">
        <junit-sql file="${open.dir}/luciddb/test/sql/VI/insert/gen/${foreign.db}/rangekseqins.sql"/>
      </test>

      <test name="selectall_k2">
        <junit-sql file="${open.dir}/luciddb/test/sql/VI/insert/gen/${foreign.db}/selectall_k2.sql"/>
      </test>

      <test name="selectall_k4">
        <junit-sql file="${open.dir}/luciddb/test/sql/VI/insert/gen/${foreign.db}/selectall_k4.sql"/>
      </test>

      <test name="selectall_k5">
        <junit-sql file="${open.dir}/luciddb/test/sql/VI/insert/gen/${foreign.db}/selectall_k5.sql"/>
      </test>

      <test name="selectall_k10">
        <junit-sql file="${open.dir}/luciddb/test/sql/VI/insert/gen/${foreign.db}/selectall_k10.sql"/>
      </test>

      <test name="selectall_k25">
        <junit-sql file="${open.dir}/luciddb/test/sql/VI/insert/gen/${foreign.db}/selectall_k25.sql"/>
      </test>

      <test name="selectall_k100">
        <junit-sql file="${open.dir}/luciddb/test/sql/VI/insert/gen/${foreign.db}/selectall_k100.sql"/>
      </test>

      <test name="selectall_k1k">
        <junit-sql file="${open.dir}/luciddb/test/sql/VI/insert/gen/${foreign.db}/selectall_k1k.sql"/>
      </test>

      <test name="selectall_k10k">
        <junit-sql file="${open.dir}/luciddb/test/sql/VI/insert/gen/${foreign.db}/selectall_k10k.sql"/>
      </test>

      <test name="selectall_k40k">
        <junit-sql file="${open.dir}/luciddb/test/sql/VI/insert/gen/${foreign.db}/selectall_k40k.sql"/>
      </test>

      <test name="selectall_k100k">
        <junit-sql file="${open.dir}/luciddb/test/sql/VI/insert/gen/${foreign.db}/selectall_k100k.sql"/>
      </test>

      <test name="selectall_k250k">
        <junit-sql file="${open.dir}/luciddb/test/sql/VI/insert/gen/${foreign.db}/selectall_k250k.sql"/>
      </test>

      <test name="selectall_k500k">
        <junit-sql file="${open.dir}/luciddb/test/sql/VI/insert/gen/${foreign.db}/selectall_k500k.sql"/>
      </test>

      <test name="selectall_kseq">
        <junit-sql file="${open.dir}/luciddb/test/sql/VI/insert/gen/${foreign.db}/selectall_kseq.sql"/>
      </test>

      <test name="all">
        <junit-sql file="${open.dir}/luciddb/test/sql/VI/insert/gen/${foreign.db}/all.sql"/>
      </test>

      <cleanup-hook>
        <test-suite name="cleanup">
          <test-suite-call testfile="${open.dir}/luciddb/test/sql/tdone.xml"/>
        </test-suite>
      </cleanup-hook>

    </test-suite>
  </target>
</project>
