<project name="bh" default="insert10k-test">
  <target name="insert10k-test">
    <test-suite name="insert10k-test">

      <init-hook>
        <ant target="restoreCatalog"/>
      </init-hook>

      <test name="altersys">
        <junit-sql file="${open.dir}/luciddb/test/sql/VI/insert/gen/${config.prop}/altersys.sql"/>
      </test>

      <test name="rangek5ins">
        <junit-sql file="${open.dir}/luciddb/test/sql/VI/insert/gen/${config.prop}/rangek5ins.sql"/>
      </test>

      <test name="selectall_k2">
        <junit-sql file="${open.dir}/luciddb/test/sql/VI/insert/gen/${config.prop}/selectall_k2.sql"/>
      </test>

      <test name="selectall_k4">
        <junit-sql file="${open.dir}/luciddb/test/sql/VI/insert/gen/${config.prop}/selectall_k4.sql"/>
      </test>

      <test name="selectall_k5">
        <junit-sql file="${open.dir}/luciddb/test/sql/VI/insert/gen/${config.prop}/selectall_k5.sql"/>
      </test>

      <test name="selectall_k10">
        <junit-sql file="${open.dir}/luciddb/test/sql/VI/insert/gen/${config.prop}/selectall_k10.sql"/>
      </test>

      <test name="selectall_k25">
        <junit-sql file="${open.dir}/luciddb/test/sql/VI/insert/gen/${config.prop}/selectall_k25.sql"/>
      </test>

      <test name="selectall_k100">
        <junit-sql file="${open.dir}/luciddb/test/sql/VI/insert/gen/${config.prop}/selectall_k100.sql"/>
      </test>

      <test name="selectall_k1k">
        <junit-sql file="${open.dir}/luciddb/test/sql/VI/insert/gen/${config.prop}/selectall_k1k.sql"/>
      </test>

      <test name="selectall_k10k">
        <junit-sql file="${open.dir}/luciddb/test/sql/VI/insert/gen/${config.prop}/selectall_k10k.sql"/>
      </test>

      <test name="selectall_k40k">
        <junit-sql file="${open.dir}/luciddb/test/sql/VI/insert/gen/${config.prop}/selectall_k40k.sql"/>
      </test>

      <test name="selectall_k100k">
        <junit-sql file="${open.dir}/luciddb/test/sql/VI/insert/gen/${config.prop}/selectall_k100k.sql"/>
      </test>

      <test name="selectall_k250k">
        <junit-sql file="${open.dir}/luciddb/test/sql/VI/insert/gen/${config.prop}/selectall_k250k.sql"/>
      </test>

      <test name="selectall_k500k">
        <junit-sql file="${open.dir}/luciddb/test/sql/VI/insert/gen/${config.prop}/selectall_k500k.sql"/>
      </test>

      <test name="selectall_kseq">
        <junit-sql file="${open.dir}/luciddb/test/sql/VI/insert/gen/${config.prop}/selectall_kseq.sql"/>
      </test>

      <test name="all">
        <junit-sql file="${open.dir}/luciddb/test/sql/VI/insert/gen/${config.prop}/all.sql"/>
      </test>
      
    </test-suite>
  </target>
</project>
