<project name="bh" default="test-newval">
  <target name="test-newval">
    <test-suite name="test-newval">

      <init-hook>
        <ant target="restoreCatalog"/>
      </init-hook>

      <test name="altersys">
        <javatest testclass="${open.dir}/luciddb/test/sql/VI/insert/gen/${foreign.db}/altersys.sql"/>
      </test>

      <test name="simple_newvalins">
        <javatest testclass="${open.dir}/luciddb/test/sql/VI/insert/gen/${foreign.db}/simple_newvalins.sql"/>
      </test>

      <test name="simple_q0">
        <javatest testclass="${open.dir}/luciddb/test/sql/VI/insert/gen/${foreign.db}/simple_q0.sql"/>
      </test>
      
    </test-suite>
  </target>
</project>
