<project name="bh" default="newval-test">
  <target name="newval-test">
    <test-suite name="newval-test">

      <init-hook>
        <ant target="restoreCatalog"/>
      </init-hook>

      <test name="altersys">
        <javatest testclass="${open.dir}/luciddb/test/sql/VI/insert/gen/${config.prop}/altersys.sql"/>
      </test>

      <test name="simple_newvalins">
        <javatest testclass="${open.dir}/luciddb/test/sql/VI/insert/gen/${config.prop}/simple_newvalins.sql"/>
      </test>

      <test name="simple_q0">
        <javatest testclass="${open.dir}/luciddb/test/sql/VI/insert/gen/${config.prop}/simple_q0.sql"/>
      </test>
      
    </test-suite>
  </target>
</project>
