<project name="bh" default="simple-test">
  <target name="simple-test">
    <test-suite testunit="simple-test">

      <init-hook>
        <test name="restoreCatalog" testunit="simple-init-test">
          <ant-task>
            <ant target="restoreCatalog"/>
          </ant-task>
        </test>
      </init-hook>

      <test name="altersys">
        <test-parameter name="sql-file" value="%{open.dir}/luciddb/test/sql/VI/insert/gen/${config.prop}/altersys.sql"/>
        <javatest testclass="com.lucidera.luciddb.test.bh.SqlTest"/>
      </test>

      <test name="simpleins">
        <test-parameter name="sql-file" value="%{open.dir}/luciddb/test/sql/VI/insert/gen/${config.prop}/simpleins.sql"/>
        <javatest testclass="com.lucidera.luciddb.test.bh.SqlTest"/>
      </test>
      
    </test-suite>
  </target>
</project>
