<project name="bh" default="insert2m-test">
  <target name="insert2m-test">
    <test-suite name="insert2m-test">

      <init-hook>
        <ant target="restoreCatalog"/>
      </init-hook>

      <test name="altersys">
        <junit-sql file="${open.dir}/luciddb/test/sql/VI/insert/gen/${config.prop}/altersys.sql"/>
      </test>

      <test name="insert2m">
        <junit-sql file="${open.dir}/luciddb/test/sql/VI/insert/gen/${config.prop}/insert2m.sql"/>
      </test>

      <test name="q2a_2m">
        <junit-sql file="${open.dir}/luciddb/test/sql/VI/insert/gen/${config.prop}/q2a_2m.sql"/>
      </test>
      
    </test-suite>
  </target>
</project>
