<project name="bh" default="simple-test">
  <target name="simple-test">
    <test-suite name="simple-test">

      <init-hook>
        <ant target="restoreCatalog"/>
      </init-hook>

      <test name="altersys">
        <junit-sql file="${open.dir}/luciddb/test/sql/VI/insert/gen/${config.prop}/altersys.sql"/>
      </test>

      <test name="simpleins">
        <junit-sql file="${open.dir}/luciddb/test/sql/VI/insert/gen/${config.prop}/simpleins.sql"/>
      </test>
      
    </test-suite>
  </target>
</project>
