<project name="bh" default="vi_insert">
  <target name="vi_insert">
    <test-suite name="vi_insert">

      <test-suite-call testfile="test-simple.xml">
        <test-suite-modifier value="oracle"/>
        <property name="foreign.db" value="oracle"/>
      </test-suite-call>

      <test-suite-call testfile="test-simple.xml">
        <test-suite-modifier value="sqlserver"/>
        <property name="foreign.db" value="sqlserver"/>
      </test-suite-call>

      <test-suite-call testfile="test-simple.xml">
        <test-suite-modifier value="flatfile"/>
        <property name="foreign.db" value="flatfile"/>
      </test-suite-call>

      <test-suite-call testfile="test-simple.xml">
        <test-suite-modifier value="csvjdbc"/>
        <property name="foreign.db" value="csvjdbc"/>
      </test-suite-call>


      <test-suite-call testfile="test-newval.xml">
        <test-suite-modifier value="oracle"/>
        <property name="foreign.db" value="oracle"/>
      </test-suite-call>

      <test-suite-call testfile="test-newval.xml">
        <test-suite-modifier value="sqlserver"/>
        <property name="foreign.db" value="sqlserver"/>
      </test-suite-call>

      <test-suite-call testfile="test-newval.xml">
        <test-suite-modifier value="flatfile"/>
        <property name="foreign.db" value="flatfile"/>
      </test-suite-call>

      <test-suite-call testfile="test-newval.xml">
        <test-suite-modifier value="csvjdbc"/>
        <property name="foreign.db" value="csvjdbc"/>
      </test-suite-call>

<!--      <test-suite-call testfile="test-insert10k.xml"/> -->
<!--      <test-suite-call testfile="test-insert10k-2.xml"/> -->
<!--      <test-suite-call testfile="test-insert1m.xml"/> -->
<!--      <test-suite-call testfile="test-insert2m.xml"/> -->
      
    </test-suite>
  </target>
</project>
