<project name="bh" default="test-insert2m">
  <target name="test-insert2m">
    <test-suite name="test-insert2m">

      <init-hook>
        <ant target="restoreCatalog"/>
      </init-hook>

      <test name="altersys">
        <junit-sql file="${open.dir}/luciddb/test/sql/VI/insert/gen/${foreign.db}/altersys.sql"/>
      </test>

      <test name="insert2m">
        <junit-sql file="${open.dir}/luciddb/test/sql/VI/insert/gen/${foreign.db}/insert2m.sql"/>
      </test>

      <test name="q2a_2m">
        <junit-sql file="${open.dir}/luciddb/test/sql/VI/insert/gen/${foreign.db}/q2a_2m.sql"/>
      </test>
      
    </test-suite>
  </target>
</project>
