<project name="bh" default="test-simple">
  <target name="test-simple">
    <test-suite name="test-simple">

      <init-hook>
        <test-suite name="init">
          <test-suite-call testfile="${open.dir}/luciddb/test/sql/tinit.xml">
            <test-suite-modifier value="test-simple"/>
          </test-suite-call>
        </test-suite>
        <ant dir="${open.dir}/luciddb/test/sql/VI/insert" target="copy-csv"/>
      </init-hook>

      <test name="altersys">
        <test-metadata>
          <notImplemented value="true"/>
        </test-metadata>
        <junit-sql file="${open.dir}/luciddb/test/sql/VI/insert/gen/${foreign.db}/altersys.sql"/>
      </test>

      <test name="simpleins">
        <junit-sql file="${open.dir}/luciddb/test/sql/VI/insert/gen/${foreign.db}/simpleins.sql"/>
      </test>
      
      <cleanup-hook>
        <test-suite name="cleanup">
          <test-suite-call testfile="${open.dir}/luciddb/test/sql/tdone.xml"/>
        </test-suite>
      </cleanup-hook>

    </test-suite>
  </target>
</project>
