<project name="bh" default="test-simple">
  <target name="test-simple">
    <test-suite name="test-simple">

      <init-hook>
        <ant target="restoreCatalog"/>
      </init-hook>

      <test name="altersys">
        <junit-sql file="${open.dir}/luciddb/test/sql/VI/insert/gen/${foreign.db}/altersys.sql"/>
      </test>

      <test name="simpleins">
        <junit-sql file="${open.dir}/luciddb/test/sql/VI/insert/gen/${foreign.db}/simpleins.sql"/>
      </test>
      
    </test-suite>
  </target>
</project>
