<project name="bh" default="test-insert2m">
  <target name="test-insert2m">
    <test-suite name="test-insert2m">

      <init-hook>
        <test-suite name="init">
          <test-suite-call testfile="${open.dir}/luciddb/test/sql/tinit.xml">
            <test-suite-modifier value="test-insert2m"/>
          </test-suite-call>
        </test-suite>
      </init-hook>

      <test name="altersys">
        <junit-sql file="${open.dir}/luciddb/test/sql/VI/insert/gen/${foreign.db}/altersys.sql"/>
      </test>

      <test name="insert2m">
        <junit-sql file="${open.dir}/luciddb/test/sql/VI/insert/gen/${foreign.db}/insert2m.sql"/>
      </test>

      <test name="q2a_2m">
        <junit-sql file="${open.dir}/luciddb/test/sql/VI/insert/gen/${foreign.db}/q2a_2m.sql"/>
      </test>
      
      <cleanup-hook>
        <test-suite name="cleanup">
          <test-suite-call testfile="${open.dir}/luciddb/test/sql/tdone.xml"/>
        </test-suite>
      </cleanup-hook>

    </test-suite>
  </target>
</project>
