<project name="bh" default="company-noidx-test">
  <target name="company-noidx-test">
    <test-suite name="company-noidx-test">
      
      <init-hook>
        <ant target="restoreCatalog"/>
      </init-hook>

      <!-- Create schema (without indexes), load data, then run queries -->

      <test name="create">
        <test-metadata>
          <withIndex value="false"/>
        </test-metadata>
        <junit-sql file="${open.dir}/luciddb/test/sql/company/gen/noidx/create.sql"/>
      </test>

      <test name="download" requiresSuccess="create">
        <test-metadata>
          <withIndex value="false"/>
        </test-metadata>
        <junit-sql file="${open.dir}/luciddb/test/sql/company/gen/noidx/download.sql"/>
      </test>

      <!-- These are duplicated in shortreg & shortreg2 -->
      <test name="joinEq" requiresSuccess="download">
        <test-metadata>
          <withIndex value="false"/>
        </test-metadata>
        <junit-sql file="${open.dir}/luciddb/test/sql/company/gen/noidx/joinEq.sql"/>
      </test>

      <test name="joinRng" requiresSuccess="download">
        <test-metadata>
          <withIndex value="false"/>
        </test-metadata>
        <junit-sql file="${open.dir}/luciddb/test/sql/company/gen/noidx/joinRng.sql"/>
      </test>

      <test name="joinMisc" requiresSuccess="download">
        <test-metadata>
          <withIndex value="false"/>
        </test-metadata>
        <junit-sql file="${open.dir}/luciddb/test/sql/company/gen/noidx/joinMisc.sql"/>
      </test>

      <test name="joinSemi" requiresSuccess="download">
        <test-metadata>
          <withIndex value="false"/>
        </test-metadata>
        <junit-sql file="${open.dir}/luciddb/test/sql/company/gen/noidx/joinSemi.sql"/>
      </test>

      <test name="agg" requiresSuccess="download">
        <test-metadata>
          <withIndex value="false"/>
        </test-metadata>
        <junit-sql file="${open.dir}/luciddb/test/sql/company/gen/noidx/agg.sql"/>
      </test>

      <test name="aggJoinEq" requiresSuccess="download">
        <test-metadata>
          <withIndex value="false"/>
        </test-metadata>
        <junit-sql file="${open.dir}/luciddb/test/sql/company/gen/noidx/aggJoinEq.sql"/>
      </test>

      <test name="aggJoinRng" requiresSuccess="download">
        <test-metadata>
          <withIndex value="false"/>
        </test-metadata>
        <junit-sql file="${open.dir}/luciddb/test/sql/company/gen/noidx/aggJoinRng.sql"/>
      </test>

      <test name="agg_cust" requiresSuccess="download">
        <test-metadata>
          <withIndex value="false"/>
        </test-metadata>
        <junit-sql file="${open.dir}/luciddb/test/sql/company/gen/noidx/agg_cust.sql"/>
      </test>

      <test name="aggJoinEq_cust" requiresSuccess="download">
        <test-metadata>
          <withIndex value="false"/>
        </test-metadata>
        <junit-sql file="${open.dir}/luciddb/test/sql/company/gen/noidx/aggJoinEq_cust.sql"/>
      </test>

      <test name="aggJoinRng_cust" requiresSuccess="download">
        <test-metadata>
          <withIndex value="false"/>
        </test-metadata>
        <junit-sql file="${open.dir}/luciddb/test/sql/company/gen/noidx/aggJoinRng_cust.sql"/>
      </test>

      <test name="aggDistinct" requiresSuccess="download">
        <test-metadata>
          <withIndex value="false"/>
        </test-metadata>
        <junit-sql file="${open.dir}/luciddb/test/sql/company/gen/noidx/aggDistinct.sql"/>
      </test>

      <test name="null" requiresSuccess="download">
        <test-metadata>
          <withIndex value="false"/>
        </test-metadata>
        <junit-sql file="${open.dir}/luciddb/test/sql/company/gen/noidx/null.sql"/>
      </test>

      <test name="order" requiresSuccess="download">
        <test-metadata>
          <withIndex value="false"/>
        </test-metadata>
        <junit-sql file="${open.dir}/luciddb/test/sql/company/gen/noidx/order.sql"/>
      </test>

      <test name="scalarSubquery" requiresSuccess="download">
        <test-metadata>
          <withIndex value="false"/>
        </test-metadata>
        <junit-sql file="${open.dir}/luciddb/test/sql/company/gen/noidx/scalarSubquery.sql"/>
      </test>

      <test name="rangeNConv" requiresSuccess="download">
        <test-metadata>
          <withIndex value="false"/>
        </test-metadata>
        <junit-sql file="${open.dir}/luciddb/test/sql/company/gen/noidx/rangeNConv.sql"/>
      </test>

      <test name="subFrom" requiresSuccess="download">
        <test-metadata>
          <knownFailure value="true"/>
          <withIndex value="false"/>
        </test-metadata>
        <junit-sql file="${open.dir}/luciddb/test/sql/company/gen/noidx/subFrom.sql"/>
      </test>

      <test name="subExists" requiresSuccess="download">
        <test-metadata>
          <knownFailure value="true"/>
          <withIndex value="false"/>
        </test-metadata>
        <junit-sql file="${open.dir}/luciddb/test/sql/company/gen/noidx/subExists.sql"/>
      </test>

      <test name="subIn" requiresSuccess="download">
        <test-metadata>
          <knownFailure value="true"/>
          <withIndex value="false"/>
        </test-metadata>
        <junit-sql file="${open.dir}/luciddb/test/sql/company/gen/noidx/subIn.sql"/>
      </test>

      <test name="subMisc" requiresSuccess="download">
        <test-metadata>
          <knownFailure value="true"/>
          <withIndex value="false"/>
        </test-metadata>
        <junit-sql file="${open.dir}/luciddb/test/sql/company/gen/noidx/subMisc.sql"/>
      </test>

      <test name="subMult" requiresSuccess="download">
        <test-metadata>
          <knownFailure value="true"/>
          <withIndex value="false"/>
        </test-metadata>
        <junit-sql file="${open.dir}/luciddb/test/sql/company/gen/noidx/subMult.sql"/>
      </test>

    </test-suite>
  </target>
</project>
