<project name="bh" default="company-all">
  <target name="company-all">
    <test-suite name="company-all">
      
      <!-- without indexes -->
      <test-suite-call testfile="test-noidx.xml"/>
      
      <!-- with indexes -->
      <test-suite-call testfile="test-idx.xml"/>

    </test-suite>
  </target>
</project>
