<project name="bh" default="company-noidx-test">
  <target name="company-noidx-test">
    <test-suite name="company-noidx-test">
      
      <test-metadata>
        <withIndex>false</withIndex>
      </test-metadata>

      <init-hook>
        <test-suite name="init">
          <test-suite-call testfile="${open.dir}/luciddb/test/sql/tinit.xml">
            <test-suite-modifier value="company-noidx-test"/>
          </test-suite-call>
        </test-suite>
        <ant dir="${open.dir}/luciddb/test/sql/company" target="copy-csv"/>
      </init-hook>
      
      <!-- Create schema (without indexes), load data, then run queries -->

      <test name="create">
        <junit-sql file="${open.dir}/luciddb/test/sql/company/gen/noidx/create.sql"/>
      </test>

      <test name="download" requiresSuccess="create">
        <junit-sql file="${open.dir}/luciddb/test/sql/company/gen/noidx/download.sql"/>
      </test>

      <test name="rebuild" requiresSuccess="download">
        <junit-sql file="${open.dir}/luciddb/test/sql/company/gen/noidx/rebuild.sql"/>
      </test>

      <!-- These are duplicated in shortreg & shortreg2 -->
      <test name="joinEq" requiresSuccess="download">
        <junit-sql file="${open.dir}/luciddb/test/sql/company/gen/noidx/joinEq.sql"/>
      </test>

      <test name="joinRng" requiresSuccess="download">
        <junit-sql file="${open.dir}/luciddb/test/sql/company/gen/noidx/joinRng.sql"/>
      </test>

      <test name="joinMisc" requiresSuccess="download">
        <!-- INC() functions not supported, commented out -->
        <junit-sql file="${open.dir}/luciddb/test/sql/company/gen/noidx/joinMisc.sql"/>
      </test>

      <test name="joinSemi" requiresSuccess="download">
        <junit-sql file="${open.dir}/luciddb/test/sql/company/gen/noidx/joinSemi.sql"/>
      </test>

      <test name="agg" requiresSuccess="download">
        <!-- unresolved issues: FRG-115, FRG-165 -->
        <!-- FRG-52 -->
        <test-metadata>
          <knownFailure>true</knownFailure>
        </test-metadata>
        <junit-sql file="${open.dir}/luciddb/test/sql/company/gen/noidx/agg.sql"/>
      </test>

      <test name="aggJoinEq" requiresSuccess="download">
        <!-- LDB-92 -->
        <junit-sql file="${open.dir}/luciddb/test/sql/company/gen/noidx/aggJoinEq.sql"/>
      </test>

      <test name="aggJoinRng" requiresSuccess="download">
        <junit-sql file="${open.dir}/luciddb/test/sql/company/gen/noidx/aggJoinRng.sql"/>
      </test>

      <test name="agg_cust" requiresSuccess="download">
        <!-- unresolved issues: FRG-165, FRG-115-->
        <!-- to_number not supported yet -->
        <test-metadata>
          <knownFailure>true</knownFailure>
        </test-metadata>
        <junit-sql file="${open.dir}/luciddb/test/sql/company/gen/noidx/agg_cust.sql"/>
      </test>

      <test name="aggJoinEq_cust" requiresSuccess="download">
        <!-- LDB-92 -->
        <junit-sql file="${open.dir}/luciddb/test/sql/company/gen/noidx/aggJoinEq_cust.sql"/>
      </test>

      <test name="aggJoinRng_cust" requiresSuccess="download">
        <junit-sql file="${open.dir}/luciddb/test/sql/company/gen/noidx/aggJoinRng_cust.sql"/>
      </test>

      <test name="aggDistinct" requiresSuccess="download">
        <test-metadata>
          <notImplemented>true</notImplemented>
        </test-metadata>
        <junit-sql file="${open.dir}/luciddb/test/sql/company/gen/noidx/aggDistinct.sql"/>
      </test>

      <test name="null" requiresSuccess="download">
        <!-- unresolved issue: FRG-167 DESC not implemented yet -->
        <!-- FRG-208 -->
        <test-metadata>
          <knownFailure>true</knownFailure>
        </test-metadata>
        <junit-sql file="${open.dir}/luciddb/test/sql/company/gen/noidx/null.sql"/>
      </test>

      <test name="order" requiresSuccess="download">
        <!-- TODO: FRG-167 DESC, ASC not implemented yet -->
        <test-metadata>
          <knownFailure>true</knownFailure>
        </test-metadata>
        <junit-sql file="${open.dir}/luciddb/test/sql/company/gen/noidx/order.sql"/>
      </test>

      <test name="scalarSubquery" requiresSuccess="download">
        <!--  FRG-114 -->
        <!-- Subqueries not completely supported -->
        <!-- ONEROW and subqueries not completely supported yet -->
        <test-metadata>
          <notImplemented>true</notImplemented>
        </test-metadata>
        <junit-sql file="${open.dir}/luciddb/test/sql/company/gen/noidx/scalarSubquery.sql"/>
      </test>

      <test name="rangeNConv" requiresSuccess="download">
        <junit-sql file="${open.dir}/luciddb/test/sql/company/gen/noidx/rangeNConv.sql"/>
      </test>

      <test name="subFrom" requiresSuccess="download">
        <junit-sql file="${open.dir}/luciddb/test/sql/company/gen/noidx/subFrom.sql"/>
      </test>

      <test name="subExists" requiresSuccess="download">
        <test-metadata>
          <notImplemented>true</notImplemented>
        </test-metadata>
        <junit-sql file="${open.dir}/luciddb/test/sql/company/gen/noidx/subExists.sql"/>
      </test>

      <test name="subIn" requiresSuccess="download">
        <!-- subqueries not completely supported yet -->
        <test-metadata>
          <notImplemented>true</notImplemented>
        </test-metadata>
        <junit-sql file="${open.dir}/luciddb/test/sql/company/gen/noidx/subIn.sql"/>
      </test>

      <test name="subMisc" requiresSuccess="download">
        <test-metadata>
          <notImplemented>true</notImplemented>
        </test-metadata>
        <junit-sql file="${open.dir}/luciddb/test/sql/company/gen/noidx/subMisc.sql"/>
      </test>

      <test name="subMult" requiresSuccess="download">
        <!-- subqueries not completely supported yet -->
        <test-metadata>
          <notImplemented>true</notImplemented>
        </test-metadata>
        <junit-sql file="${open.dir}/luciddb/test/sql/company/gen/noidx/subMult.sql"/>
      </test>

      <test name="logPrec" requiresSuccess="download">
        <junit-sql file="${open.dir}/luciddb/test/sql/company/gen/noidx/logicalPrecedence.sql"/>
      </test>

      <cleanup-hook>
        <test-suite name="cleanup">
          <test-suite-call testfile="${open.dir}/luciddb/test/sql/tdone.xml">
            <test-suite-modifier value="company-noidx-test"/>
          </test-suite-call>
        </test-suite>
      </cleanup-hook>

    </test-suite>
  </target>
</project>
