<project name="bh" default="company-all">
  <target name="company-all">
    <test-suite name="company-all">
      
      <!-- without indexes -->
      <test-suite-call testfile="test-noidx.xml">
        <test-suite-modifier value="company-noidx"/>
      </test-suite-call>
      
      <!-- with indexes -->
      <test-suite-call testfile="test-idx.xml">
        <test-suite-modifier value="company-idx"/>
      </test-suite-call>
  
    </test-suite>
  </target>
</project>
