<project name="bh" default="company-noidx-test">
  <target name="company-noidx-test">
    <test-suite name="company-noidx-test">
      
      <init-hook>
        <test-suite name="init">
          <test-suite-call testfile="${open.dir}/luciddb/test/sql/tinit.xml">
            <test-suite-modifier value="company-noidx-test"/>
          </test-suite-call>
        </test-suite>
        <ant dir="${open.dir}/luciddb/test/sql/company" target="copy-csv"/>
      </init-hook>

      <!-- Create schema (without indexes), load data, then run queries -->

      <test name="create">
        <test-metadata>
          <withIndex value="false"/>
        </test-metadata>
        <junit-sql file="${open.dir}/luciddb/test/sql/company/gen/noidx/create.sql"/>
      </test>

      <test name="download" requiresSuccess="create">
        <test-metadata>
          <withIndex value="false"/>
        </test-metadata>
        <junit-sql file="${open.dir}/luciddb/test/sql/company/gen/noidx/download.sql"/>
      </test>

      <!-- These are duplicated in shortreg & shortreg2 -->
      <test name="joinEq" requiresSuccess="download">
        <test-metadata>
          <withIndex value="false"/>
        </test-metadata>
        <junit-sql file="${open.dir}/luciddb/test/sql/company/gen/noidx/joinEq.sql"/>
      </test>

      <test name="joinRng" requiresSuccess="download">
        <test-metadata>
          <withIndex value="false"/>
        </test-metadata>
        <junit-sql file="${open.dir}/luciddb/test/sql/company/gen/noidx/joinRng.sql"/>
      </test>

      <test name="joinMisc" requiresSuccess="download">
        <!-- substring and INC() functions not supported, commented out -->
        <test-metadata>
          <withIndex value="false"/>
        </test-metadata>
        <junit-sql file="${open.dir}/luciddb/test/sql/company/gen/noidx/joinMisc.sql"/>
      </test>

      <test name="joinSemi" requiresSuccess="download">
        <test-metadata>
          <withIndex value="false"/>
        </test-metadata>
        <junit-sql file="${open.dir}/luciddb/test/sql/company/gen/noidx/joinSemi.sql"/>
      </test>

      <test name="agg" requiresSuccess="download">
        <!-- FRG-52 and FRG-115, queries commented out -->
        <test-metadata>
          <withIndex value="false"/>
        </test-metadata>
        <junit-sql file="${open.dir}/luciddb/test/sql/company/gen/noidx/agg.sql"/>
      </test>

      <test name="aggJoinEq" requiresSuccess="download">
        <!-- LDB-92 -->
        <test-metadata>
          <withIndex value="false"/>
        </test-metadata>
        <junit-sql file="${open.dir}/luciddb/test/sql/company/gen/noidx/aggJoinEq.sql"/>
      </test>

      <test name="aggJoinRng" requiresSuccess="download">
        <test-metadata>
          <withIndex value="false"/>
        </test-metadata>
        <junit-sql file="${open.dir}/luciddb/test/sql/company/gen/noidx/aggJoinRng.sql"/>
      </test>

      <test name="agg_cust" requiresSuccess="download">
        <!-- IN and to_number not supported yet -->
        <test-metadata>
          <withIndex value="false"/>
        </test-metadata>
        <junit-sql file="${open.dir}/luciddb/test/sql/company/gen/noidx/agg_cust.sql"/>
      </test>

      <test name="aggJoinEq_cust" requiresSuccess="download">
        <!-- LDB-92 -->
        <test-metadata>
          <withIndex value="false"/>
        </test-metadata>
        <junit-sql file="${open.dir}/luciddb/test/sql/company/gen/noidx/aggJoinEq_cust.sql"/>
      </test>

      <test name="aggJoinRng_cust" requiresSuccess="download">
        <test-metadata>
          <withIndex value="false"/>
        </test-metadata>
        <junit-sql file="${open.dir}/luciddb/test/sql/company/gen/noidx/aggJoinRng_cust.sql"/>
      </test>

      <test name="aggDistinct" requiresSuccess="download">
        <test-metadata>
          <withIndex value="false"/>
          <notImplemented value="true"/>
        </test-metadata>
        <junit-sql file="${open.dir}/luciddb/test/sql/company/gen/noidx/aggDistinct.sql"/>
      </test>

      <test name="null" requiresSuccess="download">
        <!-- DESC commented out, not supported yet -->
        <test-metadata>
          <withIndex value="false"/>
        </test-metadata>
        <junit-sql file="${open.dir}/luciddb/test/sql/company/gen/noidx/null.sql"/>
      </test>

      <test name="order" requiresSuccess="download">
        <!-- ASC and DESC not supported yet -->
        <test-metadata>
          <withIndex value="false"/>
        </test-metadata>
        <junit-sql file="${open.dir}/luciddb/test/sql/company/gen/noidx/order.sql"/>
      </test>

      <test name="scalarSubquery" requiresSuccess="download">
        <!-- ONEROW and lower not supported yet, FRG-114 -->
        <test-metadata>
          <withIndex value="false"/>
          <notImplemented value="true"/>
        </test-metadata>
        <junit-sql file="${open.dir}/luciddb/test/sql/company/gen/noidx/scalarSubquery.sql"/>
      </test>

      <test name="rangeNConv" requiresSuccess="download">
        <test-metadata>
          <withIndex value="false"/>
        </test-metadata>
        <junit-sql file="${open.dir}/luciddb/test/sql/company/gen/noidx/rangeNConv.sql"/>
      </test>

      <test name="subFrom" requiresSuccess="download">
        <test-metadata>
          <withIndex value="false"/>
        </test-metadata>
        <junit-sql file="${open.dir}/luciddb/test/sql/company/gen/noidx/subFrom.sql"/>
      </test>

      <test name="subExists" requiresSuccess="download">
        <test-metadata>
          <withIndex value="false"/>
          <notImplemented value="true"/>
        </test-metadata>
        <junit-sql file="${open.dir}/luciddb/test/sql/company/gen/noidx/subExists.sql"/>
      </test>

      <test name="subIn" requiresSuccess="download">
        <!-- IN not supported yet -->
        <test-metadata>
          <withIndex value="false"/>
          <notImplemented value="true"/>
        </test-metadata>
        <junit-sql file="${open.dir}/luciddb/test/sql/company/gen/noidx/subIn.sql"/>
      </test>

      <test name="subMisc" requiresSuccess="download">
        <test-metadata>
          <withIndex value="false"/>
          <notImplemented value="true"/>
        </test-metadata>
        <junit-sql file="${open.dir}/luciddb/test/sql/company/gen/noidx/subMisc.sql"/>
      </test>

      <test name="subMult" requiresSuccess="download">
        <!-- IN not supported yet -->
        <test-metadata>
          <withIndex value="false"/>
          <notImplemented value="true"/>
        </test-metadata>
        <junit-sql file="${open.dir}/luciddb/test/sql/company/gen/noidx/subMult.sql"/>
      </test>

      <test name="logPrec" requiresSuccess="download">
        <test-metadata>
          <withIndex value="false"/>
        </test-metadata>
        <junit-sql file="${open.dir}/luciddb/test/sql/company/logicalPrecedence.sql"/>
      </test>

      <cleanup-hook>
        <test-suite name="cleanup">
          <test-suite-call testfile="${open.dir}/luciddb/test/sql/tdone.xml">
            <test-suite-modifier value="company-noidx-test"/>
          </test-suite-call>
        </test-suite>
      </cleanup-hook>

    </test-suite>
  </target>
</project>
