<project name="bh" default="pge-exp">
  <target name="pge-exp">
    <test-suite name="pge-exp">

      <init-hook>
        <test-suite name="init">
          <test-suite-call testfile="${open.dir}/luciddb/test/sql/tinit.xml">
            <test-suite-modifier value="pge-exp"/>
          </test-suite-call>
        </test-suite>
      </init-hook>

      <test name="creschema">
        <junit-sql file="${open.dir}/luciddb/test/sql/pge/gen/exp/create.sql"/>
      </test>

      <test name="index" requiresSuccess="creschema">
        <junit-sql file="${open.dir}/luciddb/test/sql/pge/gen/exp/index.sql"/>
      </test>

      <test name="1" requiresSuccess="creschema">
        <junit-sql file="${open.dir}/luciddb/test/sql/pge/gen/exp/1Exp.sql"/>
      </test>

      <test name="2" requiresSuccess="creschema">
        <junit-sql file="${open.dir}/luciddb/test/sql/pge/gen/exp/2Exp.sql"/>
      </test>

      <test name="3" requiresSuccess="creschema">
        <junit-sql file="${open.dir}/luciddb/test/sql/pge/gen/exp/3Exp.sql"/>
      </test>

      <test name="4" requiresSuccess="creschema">
        <junit-sql file="${open.dir}/luciddb/test/sql/pge/gen/exp/4Exp.sql"/>
      </test>

      <test name="5" requiresSuccess="creschema">
        <junit-sql file="${open.dir}/luciddb/test/sql/pge/gen/exp/5Exp.sql"/>
      </test>

      <test name="6" requiresSuccess="creschema">
        <junit-sql file="${open.dir}/luciddb/test/sql/pge/gen/exp/6Exp.sql"/>
      </test>

      <test name="7" requiresSuccess="creschema">
        <junit-sql file="${open.dir}/luciddb/test/sql/pge/gen/exp/7Exp.sql"/>
      </test>

      <test name="8" requiresSuccess="creschema">
        <junit-sql file="${open.dir}/luciddb/test/sql/pge/gen/exp/8Exp.sql"/>
      </test>

      <test name="9" requiresSuccess="creschema">
        <junit-sql file="${open.dir}/luciddb/test/sql/pge/gen/exp/9Exp.sql"/>
      </test>

      <test name="10" requiresSuccess="creschema">
        <!-- FRG-114 not implemented yet and commented out DESC -->
        <junit-sql file="${open.dir}/luciddb/test/sql/pge/gen/exp/10Exp.sql"/>
      </test>

      <test name="11" requiresSuccess="creschema">
        <junit-sql file="${open.dir}/luciddb/test/sql/pge/gen/exp/11Exp.sql"/>
      </test>

      <test name="12" requiresSuccess="creschema">
        <!-- FRG-114 not implemented yet and commented out DESC -->
        <junit-sql file="${open.dir}/luciddb/test/sql/pge/gen/exp/12Exp.sql"/>
      </test>

      <test name="13" requiresSuccess="creschema">
        <junit-sql file="${open.dir}/luciddb/test/sql/pge/gen/exp/13Exp.sql"/>
      </test>

      <test name="14" requiresSuccess="creschema">
        <junit-sql file="${open.dir}/luciddb/test/sql/pge/gen/exp/14Exp.sql"/>
      </test>

      <test name="15" requiresSuccess="creschema">
        <!-- IN not supported -->
        <junit-sql file="${open.dir}/luciddb/test/sql/pge/gen/exp/15Exp.sql"/>
      </test>

      <test name="16" requiresSuccess="creschema">
        <!-- DESC not supported -->
        <junit-sql file="${open.dir}/luciddb/test/sql/pge/gen/exp/16Exp.sql"/>
      </test>

      <test name="17" requiresSuccess="creschema">
        <junit-sql file="${open.dir}/luciddb/test/sql/pge/gen/exp/17Exp.sql"/>
      </test>

      <test name="18" requiresSuccess="creschema">
        <junit-sql file="${open.dir}/luciddb/test/sql/pge/gen/exp/18Exp.sql"/>
      </test>

      <test name="19" requiresSuccess="creschema">
        <!-- DISTINCT and OUTER JOIN not supported -->
        <junit-sql file="${open.dir}/luciddb/test/sql/pge/gen/exp/19Exp.sql"/>
      </test>

      <test name="20" requiresSuccess="creschema">
        <!-- OUTER JOIN and DISTINCT not supported yet -->
        <junit-sql file="${open.dir}/luciddb/test/sql/pge/gen/exp/20Exp.sql"/>
      </test>

      <test name="20b" requiresSuccess="creschema">
        <!-- OUTER JOIN and DISTINCT not supported yet -->
        <junit-sql file="${open.dir}/luciddb/test/sql/pge/gen/exp/20bExp.sql"/>
      </test>

      <test name="21" requiresSuccess="creschema">
        <junit-sql file="${open.dir}/luciddb/test/sql/pge/gen/exp/21Exp.sql"/>
      </test>

      <test name="22" requiresSuccess="creschema">
        <!-- rank function not supported -->
        <junit-sql file="${open.dir}/luciddb/test/sql/pge/gen/exp/22Exp.sql"/>
      </test>

      <cleanup-hook>
        <test-suite name="cleanup">
          <test-suite-call testfile="${open.dir}/luciddb/test/sql/tdone.xml">
            <test-suite-modifier value="pge-exp"/>
          </test-suite-call>
        </test-suite>
      </cleanup-hook>

    </test-suite>
  </target>
</project>
