<project name="bh" default="sys-all">
  <target name="sys-all">
    <test-suite name="sys-all">

      <test-suite-call testfile="test.xml">
        <test-suite-modifier value="nondb"/>
        <property name="foreign.db" value="nondb"/>
      </test-suite-call>

      <test-suite-call testfile="test.xml">
        <test-suite-modifier value="flatfile"/>
        <property name="foreign.db" value="flatfile"/>
      </test-suite-call>

      <test-suite-call testfile="test.xml">
        <test-suite-modifier value="oracle"/>
        <property name="foreign.db" value="oracle"/>
      </test-suite-call>

      <test-suite-call testfile="test.xml">
        <test-suite-modifier value="sqlserver"/>
        <property name="foreign.db" value="sqlserver"/>
      </test-suite-call>
      
    </test-suite>
  </target>
</project>
