<project name="bh" default="test-nightly-csvjdbc">
  <target name="test-nightly-csvjdbc">
    <test-suite name="test-nightly-csvjdbc">

      <init-hook>
        <test-suite name="init">
          <test-suite-call testfile="${open.dir}/luciddb/test/sql/tinit.xml">
            <test-suite-modifier value="nightly-csvjdbc"/>
          </test-suite-call>
        </test-suite>
      </init-hook>

      <test-suite-call testfile="test/sql/bench/benchtest-csvjdbc.xml"/>
      <test-suite-call testfile="test/sql/compositekey/test.xml"/>
      <test-suite-call testfile="test/sql/datatypes/test.xml"/>
      <test-suite-call testfile="test/sql/VI/insert/test.xml"/>
      <test-suite-call testfile="test/sql/VI/populate/test.xml"/>

      <cleanup-hook>
        <test-suite name="cleanup">
          <test-suite-call testfile="${open.dir}/luciddb/test/sql/tdone.xml">
            <test-suite-modifier value="nightly-csvjdbc"/>
          </test-suite-call>
        </test-suite>
      </cleanup-hook>

    </test-suite>
  </target>
</project>
