<project name="bh" default="test-nightly-oracle">
  <target name="test-nightly-oracle">
    <test-suite name="test-nightly-oracle">

      <test-suite-call testfile="test/sql/bench/benchtest.xml"/>
      <test-suite-call testfile="test/sql/compositekey/test.xml"/>
<!--       <test-suite-call testfile="test/sql/datatypes/test.xml"/> -->
      <test-suite-call testfile="test/sql/pge/test.xml"/>
      <test-suite-call testfile="test/sql/pge2/test.xml"/>
<!--       <test-suite-call testfile="test/sql/shortreg/test.xml"/> -->
      <test-suite-call testfile="test/sql/shortreg/sanity.xml"/>
      <test-suite-call testfile="test/sql/VI/insert/test.xml"/>
      <test-suite-call testfile="test/sql/VI/populate/test.xml"/>

    </test-suite>
  </target>
</project>