<project name="bh" default="test-nightly-nondb">
  <target name="test-nightly-nondb">
    <test-suite name="test-nightly-nondb">

      <!-- non-db dependent tests which don't rely on any external source -->
      <test-suite-call testfile="test/sql/calc/test.xml">
        <test-suite-modifier value="calc"/>
      </test-suite-call>

      <test-suite-call testfile="test/sql/company/test-all.xml">
        <test-suite-modifier value="company"/>
      </test-suite-call>

      <test-suite-call testfile="test/sql/conv_types/test.xml">
        <test-suite-modifier value="conv_types"/>
      </test-suite-call>

      <test-suite-call testfile="test/sql/numerics/test.xml">
        <test-suite-modifier value="numerics"/>
      </test-suite-call>

      <test-suite-call testfile="test/sql/txn/test.xml">
        <test-suite-modifier value="txn"/>
      </test-suite-call>

      <test-suite-call testfile="test/sql/udr/udf/test.xml">
        <test-suite-modifier value="udf"/>
      </test-suite-call>

      <test-suite-call testfile="test/sql/udr/udx/test.xml">
        <test-suite-modifier value="udx"/>
      </test-suite-call>

      <test-suite-call testfile="test/sql/VI/recovery/test.xml">
        <test-suite-modifier value="VI_recovery"/>
      </test-suite-call>

      <!-- non-db dependent tests which rely on cvs files on raksha -->
      <test-suite-call testfile="test/sql/sqbm/test.xml">
        <test-suite-modifier value="sqbm"/>
      </test-suite-call>

      <test-suite-call testfile="test/sql/VI/basic/test.xml">
        <test-suite-modifier value="VI_basic"/>
      </test-suite-call>

      <test-suite-call testfile="test/sql/VI/flip/test.xml">
        <test-suite-modifier value="VI_flip"/>
      </test-suite-call>

      <test-suite-call testfile="test/sql/VI/tbs/test-all.xml">
        <test-suite-modifier value="VI_tbs"/>
      </test-suite-call>

      <!-- non-db dependent tests which rely on mssql  -->
<!--
      <test-suite-call testfile="test/sql/mondrian/test-all.xml">
        <test-suite-modifier value="mondrian"/>
      </test-suite-call>
-->

    </test-suite>
  </target>
</project>
