<project name="bh" default="test-nightly-nondb">
  <target name="test-nightly-nondb">
    <test-suite name="test-nightly-nondb">

      <!-- non-db dependent tests which don't rely on any external source -->
      <test-suite-call testfile="test/sql/calc/test.xml"/>
      <test-suite-call testfile="test/sql/company/test.xml"/>
      <test-suite-call testfile="test/sql/conv_types/test.xml"/>
      <test-suite-call testfile="test/sql/numerics/test.xml"/>
      <test-suite-call testfile="test/sql/txn/test.xml"/>
      <test-suite-call testfile="test/sql/udr/udf/test.xml"/>
      <test-suite-call testfile="test/sql/udr/udx/test.xml"/>
      <test-suite-call testfile="test/sql/VI/recovery/test.xml"/>

      <!-- non-db dependent tests which rely on cvs files on raksha -->
      <test-suite-call testfile="test/sql/sqbm/test.xml"/>
      <test-suite-call testfile="test/sql/VI/basic/test.xml"/>
      <test-suite-call testfile="test/sql/VI/flip/test.xml"/>
      <test-suite-call testfile="test/sql/VI/tbs/test.xml"/>

    </test-suite>
  </target>
</project>