<project name="bh" default="test-nightly-nondb">
  <target name="test-nightly-nondb">
    <test-suite name="test-nightly-nondb">

      <init-hook>
        <test-suite name="init">
          <test-suite-call testfile="${open.dir}/luciddb/test/sql/tinit.xml">
            <test-suite-modifier value="nightly-nondb"/>
          </test-suite-call>
        </test-suite>
      </init-hook>

      <!-- non-db dependent tests which don't rely on any external source -->
      <test-suite-call testfile="test/sql/calc/test.xml"/>
      <test-suite-call testfile="test/sql/company/test-all.xml"/>
      <test-suite-call testfile="test/sql/conv_types/test.xml"/>
      <test-suite-call testfile="test/sql/numerics/test.xml"/>
      <test-suite-call testfile="test/sql/txn/test.xml"/>
      <test-suite-call testfile="test/sql/udr/udf/test.xml"/>
      <test-suite-call testfile="test/sql/udr/udx/test.xml"/>
      <test-suite-call testfile="test/sql/udr/udp/test.xml"/>

<!-- temporarily moved to another suite
      <test-suite-call testfile="test/sql/concurrency/test.xml"/>
-->
      <test-suite-call testfile="test/sql/VI/recovery/test.xml"/>
      <test-suite-call testfile="test/sql/hashjoin/test.xml"/>
      <test-suite-call testfile="test/sql/setops/test.xml"/>
      <test-suite-call testfile="test/sql/dml/delete/test.xml"/>
      <test-suite-call testfile="test/sql/dml/merge/test.xml"/>
      <test-suite-call testfile="test/sql/tpch/test.xml">
        <property name="datasize" value="100M"/>
      </test-suite-call>
      <test-suite-call testfile="test/sql/mbean/test.xml"/>
      <test-suite-call testfile="test/sql/sys/test.xml">
        <test-suite-modifier value="nondb"/>
        <property name="foreign.db" value="ldb-nondb"/>
      </test-suite-call>

      <!-- non-db dependent tests which rely on cvs files on raksha -->
      <test-suite-call testfile="test/sql/sqbm/test.xml"/>
      <test-suite-call testfile="test/sql/VI/basic/test.xml"/>
      <test-suite-call testfile="test/sql/VI/flip/test.xml"/>
      <test-suite-call testfile="test/sql/VI/tbs/test-all.xml"/>
      <test-suite-call testfile="test/sql/distribution/test.xml"/>
      <test-suite-call testfile="test/sql/constraints/test.xml"/>
      <!-- non-db dependent tests which rely on mssql  -->
      <test-suite-call testfile="test/sql/mondrian/test-all.xml"/>

      <cleanup-hook>
        <test-suite name="cleanup">
          <test-suite-call testfile="${open.dir}/luciddb/test/sql/tdone.xml">
            <test-suite-modifier value="nightly-nondb"/>
          </test-suite-call>
        </test-suite>
      </cleanup-hook>

    </test-suite>
  </target>
</project>
