<project name="bh" default="test-nightly-csvjdbc">
  <target name="test-nightly-csvjdbc">
    <test-suite name="test-nightly-csvjdbc">

      <test-suite-call testfile="test/sql/bench/benchtest-csvjdbc.xml"/>
      <test-suite-call testfile="test/sql/compositekey/test.xml"/>
      <test-suite-call testfile="test/sql/datatypes/test-csvjdbc.xml"/>
      <test-suite-call testfile="test/sql/VI/insert/test.xml"/>
      <test-suite-call testfile="test/sql/VI/populate/test.xml"/>

    </test-suite>
  </target>
</project>
