<project name="bh" default="test-nightly-sqlserver">
  <target name="test-nightly-sqlserver">
    <test-suite name="test-nightly-sqlserver">

      <test-suite-call testfile="test/sql/bench/benchtest.xml"/>
      <test-suite-call testfile="test/sql/compositekey/test.xml"/>
      <test-suite-call testfile="test/sql/datatypes/test.xml"/>

<!--       <test-suite-call testfile="test/sql/shortreg/test.xml"/> -->

      <test-suite-call testfile="test/sql/shortreg/sanity.xml"/>
      <test-suite-call testfile="test/sql/VI/insert/test.xml"/>
      <test-suite-call testfile="test/sql/VI/populate/test.xml"/>

    </test-suite>
  </target>
</project>
