<project name="bh" default="test-nightly-oracle">
  <target name="test-nightly-oracle">
    <test-suite name="test-nightly-oracle">

      <init-hook>
        <test-suite name="init">
          <test-suite-call testfile="${open.dir}/luciddb/test/sql/tinit.xml">
            <test-suite-modifier value="nightly-oracle"/>
          </test-suite-call>
        </test-suite>
      </init-hook>

      <test-suite-call testfile="test/sql/bench/benchtest.xml"/>
      <test-suite-call testfile="test/sql/compositekey/test.xml"/>
      <test-suite-call testfile="test/sql/datatypes/test.xml"/>
      <test-suite-call testfile="test/sql/shortreg/sanity.xml"/>
      <test-suite-call testfile="test/sql/VI/insert/test.xml"/>
      <test-suite-call testfile="test/sql/VI/populate/test.xml"/>
      <test-suite-call testfile="test/sql/oracle-specific/test.xml"/>
      <test-suite-call testfile="test/sql/sys/test.xml">
        <test-suite-modifier value="oracle"/>
        <property name="foreign.db" value="ldb-oracle"/>
      </test-suite-call>

      <cleanup-hook>
        <test-suite name="cleanup">
          <test-suite-call testfile="${open.dir}/luciddb/test/sql/tdone.xml">
            <test-suite-modifier value="nightly-oracle"/>
          </test-suite-call>
        </test-suite>
      </cleanup-hook>

    </test-suite>
  </target>
</project>
