<project name="bh" default="test-nightly-nondb-concurrent">
  <target name="test-nightly-nondb-concurrent">
    <test-suite name="test-nightly-nondb-concurrent">

      <init-hook>
        <test-suite name="init">
          <test-suite-call testfile="${open.dir}/luciddb/test/sql/tinit.xml">
            <test-suite-modifier value="nightly-nondb-concurrent"/>
          </test-suite-call>
        </test-suite>
      </init-hook>

      <!-- non-db dependent tests which don't rely on any external source -->
      <test-suite-call testfile="test/sql/concurrency/test.xml"/>
      <test-suite-call testfile="test/sql/concurrency/readwrite/test.xml">
        <property name="datasize" value="100M"/>
      </test-suite-call>

      <cleanup-hook>
        <test-suite name="cleanup">
          <test-suite-call testfile="${open.dir}/luciddb/test/sql/tdone.xml">
            <test-suite-modifier value="nightly-nondb-concurrent"/>
          </test-suite-call>
        </test-suite>
      </cleanup-hook>

    </test-suite>
  </target>
</project>
