<project name="bh" default="test-nightly-csvjdbc">
  <target name="test-nightly-csvjdbc">
    <test-suite name="test-nightly-csvjdbc">

      <test-suite-call testfile="test/sql/bench/benchtest-csvjdbc.xml"/>
      <test-suite-call testfile="test/sql/compositekey/test.xml"/>
      <test-suite-call testfile="test/sql/datatypes/test-csvjdbc.xml"/>
<!-- put pge tests back in after changing to use foreign table, import  -->
<!-- schema not supported for csvjdbc -->
<!--       <test-suite-call testfile="test/sql/pge/test.xml"/> -->
<!--       <test-suite-call testfile="test/sql/pge2/test.xml"/> -->
      <test-suite-call testfile="test/sql/VI/insert/test.xml"/>
      <test-suite-call testfile="test/sql/VI/populate/test.xml"/>

    </test-suite>
  </target>
</project>