<project name="bh" default="calc-cast-test">
  <target name="calc-cast-test">
    <test-suite name="calc-cast-test">

      <init-hook>
        <test-suite name="init">
          <test-suite-call testfile="${open.dir}/luciddb/test/sql/tinit.xml"/>
        </test-suite>
      </init-hook>

      <test name="setup">
        <junit-sql file="${open.dir}/luciddb/test/sql/calc/cast/setup.sql"/>
      </test>

      <test name="basic">
        <junit-sql file="${open.dir}/luciddb/test/sql/calc/cast/basic.sql"/>
      </test>

      <test name="cleanup">
        <junit-sql file="${open.dir}/luciddb/test/sql/calc/cast/cleanup.sql"/>
      </test>

      <cleanup-hook>
        <test-suite name="cleanup">
          <test-suite-call testfile="${open.dir}/luciddb/test/sql/tdone.xml"/>
        </test-suite>
      </cleanup-hook>

    </test-suite>
  </target>
</project>
